[debug] [2023-03-07T14:23:44.880Z] ----------------------------------------------------------------------
[debug] [2023-03-07T14:23:44.882Z] Command:       C:\Program Files\nodejs\node.exe C:\Users\DELL\AppData\Roaming\npm\node_modules\firebase-tools\lib\bin\firebase.js init
[debug] [2023-03-07T14:23:44.882Z] CLI Version:   11.24.0
[debug] [2023-03-07T14:23:44.882Z] Platform:      win32
[debug] [2023-03-07T14:23:44.882Z] Node Version:  v18.8.0
[debug] [2023-03-07T14:23:44.883Z] Time:          Tue Mar 07 2023 19:53:44 GMT+0530 (India Standard Time)
[debug] [2023-03-07T14:23:44.883Z] ----------------------------------------------------------------------
[debug] 
[debug] [2023-03-07T14:23:44.889Z] > command requires scopes: ["email","openid","https://www.googleapis.com/auth/cloudplatformprojects.readonly","https://www.googleapis.com/auth/firebase","https://www.googleapis.com/auth/cloud-platform"]
[debug] [2023-03-07T14:23:44.890Z] > authorizing via signed-in user (singhvedant1701@gmail.com)
[info] 
     ######## #### ########  ######## ########     ###     ######  ########
     ##        ##  ##     ## ##       ##     ##  ##   ##  ##       ##
     ######    ##  ########  ######   ########  #########  ######  ######
     ##        ##  ##    ##  ##       ##     ## ##     ##       ## ##
     ##       #### ##     ## ######## ########  ##     ##  ######  ########

You're about to initialize a Firebase project in this directory:

  C:\Users\DELL\Development\AtomDrop\dente-gh-pages

[info] 
=== Project Setup
[info] 
[info] First, let's associate this project directory with a Firebase project.
[info] You can create multiple project aliases by running firebase use --add, 
[info] but for now we'll just set up a default project.
[info] 
[debug] [2023-03-07T14:24:26.501Z] >>> [apiv2][query] GET https://firebase.googleapis.com/v1beta1/projects pageSize=100
[debug] [2023-03-07T14:24:27.527Z] <<< [apiv2][status] GET https://firebase.googleapis.com/v1beta1/projects 200
[debug] [2023-03-07T14:24:27.528Z] <<< [apiv2][body] GET https://firebase.googleapis.com/v1beta1/projects [omitted]
[info] i  Using project dentist-portfolio-9a1e1 (dentist-portfolio) 
[info] 
=== Hosting Setup
[info] 
[info] Your public directory is the folder (relative to your project directory) that
[info] will contain Hosting assets to be uploaded with firebase deploy. If you
[info] have a build process for your assets, use your build's output directory.
[info] 
